2022-05-19 12:25:24,118 [INFO] io.carwashsystemadminservice.AdminserviceApplication [main] Starting AdminserviceApplication using Java 17.0.1 on LAPTOP-FVKF1ML3 with PID 10512 (C:\Users\ASUS\eclipse-workspace\project.carwash.adminservice\target\classes started by ASUS in C:\Users\ASUS\eclipse-workspace\project.carwash.adminservice)
2022-05-19 12:25:24,123 [INFO] io.carwashsystemadminservice.AdminserviceApplication [main] No active profile set, falling back to default profiles: default
2022-05-19 12:25:29,875 [INFO] org.springframework.data.repository.config.RepositoryConfigurationDelegate [main] Bootstrapping Spring Data MongoDB repositories in DEFAULT mode.
2022-05-19 12:25:48,418 [INFO] org.springframework.data.repository.config.RepositoryConfigurationDelegate [main] Finished Spring Data repository scanning in 18509 ms. Found 2 MongoDB repository interfaces.
2022-05-19 12:25:49,673 [INFO] org.springframework.cloud.context.scope.GenericScope [main] BeanFactory id=8d074186-944c-3754-b7fe-5b6dda6c8178
2022-05-19 12:25:50,372 [INFO] org.springframework.boot.web.embedded.tomcat.TomcatWebServer [main] Tomcat initialized with port(s): 7070 (http)
2022-05-19 12:25:50,399 [INFO] org.apache.catalina.core.StandardService [main] Starting service [Tomcat]
2022-05-19 12:25:50,400 [INFO] org.apache.catalina.core.StandardEngine [main] Starting Servlet engine: [Apache Tomcat/9.0.45]
2022-05-19 12:25:50,711 [INFO] org.apache.catalina.core.ContainerBase.[Tomcat].[localhost].[/] [main] Initializing Spring embedded WebApplicationContext
2022-05-19 12:25:50,711 [INFO] org.springframework.boot.web.servlet.context.ServletWebServerApplicationContext [main] Root WebApplicationContext: initialization completed in 26485 ms
2022-05-19 12:25:51,178 [INFO] org.mongodb.driver.cluster [main] Cluster created with settings {hosts=[localhost:27017], mode=SINGLE, requiredClusterType=UNKNOWN, serverSelectionTimeout='30000 ms'}
2022-05-19 12:25:51,390 [WARN] org.springframework.data.convert.CustomConversions [main] Registering converter from class java.time.LocalDateTime to class org.joda.time.LocalDateTime as reading converter although it doesn't convert from a store-supported type! You might want to check your annotation setup at the converter implementation.
2022-05-19 12:25:51,433 [WARN] org.springframework.data.convert.CustomConversions [main] Registering converter from class java.time.LocalDateTime to class org.joda.time.LocalDateTime as reading converter although it doesn't convert from a store-supported type! You might want to check your annotation setup at the converter implementation.
2022-05-19 12:25:51,491 [INFO] org.mongodb.driver.connection [cluster-rtt-ClusterId{value='6285e9f72889013b18614e14', description='null'}-localhost:27017] Opened connection [connectionId{localValue:2, serverValue:3}] to localhost:27017
2022-05-19 12:25:51,597 [INFO] org.mongodb.driver.connection [cluster-ClusterId{value='6285e9f72889013b18614e14', description='null'}-localhost:27017] Opened connection [connectionId{localValue:1, serverValue:4}] to localhost:27017
2022-05-19 12:25:51,597 [INFO] org.mongodb.driver.cluster [cluster-ClusterId{value='6285e9f72889013b18614e14', description='null'}-localhost:27017] Monitor thread successfully connected to server with description ServerDescription{address=localhost:27017, type=STANDALONE, state=CONNECTED, ok=true, minWireVersion=0, maxWireVersion=13, maxDocumentSize=16777216, logicalSessionTimeoutMinutes=30, roundTripTimeNanos=332119300}
2022-05-19 12:25:53,734 [INFO] org.springframework.scheduling.concurrent.ThreadPoolTaskExecutor [main] Initializing ExecutorService 'applicationTaskExecutor'
2022-05-19 12:25:54,169 [INFO] org.springframework.cloud.netflix.eureka.config.DiscoveryClientOptionalArgsConfiguration [main] Eureka HTTP Client uses RestTemplate.
2022-05-19 12:25:54,435 [WARN] org.springframework.cloud.loadbalancer.config.LoadBalancerCacheAutoConfiguration$LoadBalancerCaffeineWarnLogger [main] Spring Cloud LoadBalancer is currently working with the default cache. You can switch to using Caffeine cache, by adding it and org.springframework.cache.caffeine.CaffeineCacheManager to the classpath.
2022-05-19 12:25:54,516 [INFO] org.springframework.cloud.netflix.eureka.InstanceInfoFactory [main] Setting initial instance status as: STARTING
2022-05-19 12:25:54,732 [INFO] com.netflix.discovery.DiscoveryClient [main] Initializing Eureka in region us-east-1
2022-05-19 12:25:54,743 [INFO] com.netflix.discovery.shared.resolver.aws.ConfigClusterResolver [main] Resolving eureka endpoints via configuration
2022-05-19 12:25:54,811 [INFO] com.netflix.discovery.DiscoveryClient [main] Disable delta property : false
2022-05-19 12:25:54,811 [INFO] com.netflix.discovery.DiscoveryClient [main] Single vip registry refresh property : null
2022-05-19 12:25:54,811 [INFO] com.netflix.discovery.DiscoveryClient [main] Force full registry fetch : false
2022-05-19 12:25:54,811 [INFO] com.netflix.discovery.DiscoveryClient [main] Application is null : false
2022-05-19 12:25:54,812 [INFO] com.netflix.discovery.DiscoveryClient [main] Registered Applications size is zero : true
2022-05-19 12:25:54,812 [INFO] com.netflix.discovery.DiscoveryClient [main] Application version is -1: true
2022-05-19 12:25:54,812 [INFO] com.netflix.discovery.DiscoveryClient [main] Getting all instance registry info from the eureka server
2022-05-19 12:25:55,618 [INFO] com.netflix.discovery.DiscoveryClient [main] The response status is 200
2022-05-19 12:25:55,624 [INFO] com.netflix.discovery.DiscoveryClient [main] Starting heartbeat executor: renew interval is: 30
2022-05-19 12:25:55,631 [INFO] com.netflix.discovery.InstanceInfoReplicator [main] InstanceInfoReplicator onDemand update allowed rate per min is 4
2022-05-19 12:25:55,646 [INFO] com.netflix.discovery.DiscoveryClient [main] Discovery Client initialized at timestamp 1652943355641 with initial instances count: 2
2022-05-19 12:25:55,649 [INFO] org.springframework.cloud.netflix.eureka.serviceregistry.EurekaServiceRegistry [main] Registering application ADMIN-SERVICE with eureka with status UP
2022-05-19 12:25:55,650 [INFO] com.netflix.discovery.DiscoveryClient [main] Saw local status change event StatusChangeEvent [timestamp=1652943355650, current=UP, previous=STARTING]
2022-05-19 12:25:55,655 [INFO] com.netflix.discovery.DiscoveryClient [DiscoveryClient-InstanceInfoReplicator-0] DiscoveryClient_ADMIN-SERVICE/host.docker.internal:ADMIN-SERVICE:7070: registering service...
2022-05-19 12:25:55,722 [INFO] org.springframework.boot.web.embedded.tomcat.TomcatWebServer [main] Tomcat started on port(s): 7070 (http) with context path ''
2022-05-19 12:25:55,724 [INFO] org.springframework.cloud.netflix.eureka.serviceregistry.EurekaAutoServiceRegistration [main] Updating port to 7070
2022-05-19 12:25:55,725 [INFO] com.netflix.discovery.DiscoveryClient [DiscoveryClient-InstanceInfoReplicator-0] DiscoveryClient_ADMIN-SERVICE/host.docker.internal:ADMIN-SERVICE:7070 - registration status: 204
2022-05-19 12:25:56,329 [INFO] io.carwashsystemadminservice.AdminserviceApplication [main] Started AdminserviceApplication in 34.46 seconds (JVM running for 36.124)
2022-05-19 12:29:19,071 [INFO] org.apache.catalina.core.ContainerBase.[Tomcat].[localhost].[/] [http-nio-7070-exec-1] Initializing Spring DispatcherServlet 'dispatcherServlet'
2022-05-19 12:29:19,138 [INFO] org.springframework.web.servlet.DispatcherServlet [http-nio-7070-exec-1] Initializing Servlet 'dispatcherServlet'
2022-05-19 12:29:19,141 [INFO] org.springframework.web.servlet.DispatcherServlet [http-nio-7070-exec-1] Completed initialization in 2 ms
2022-05-19 12:30:54,827 [INFO] com.netflix.discovery.shared.resolver.aws.ConfigClusterResolver [AsyncResolver-bootstrap-executor-0] Resolving eureka endpoints via configuration
2022-05-19 12:35:54,841 [INFO] com.netflix.discovery.shared.resolver.aws.ConfigClusterResolver [AsyncResolver-bootstrap-executor-0] Resolving eureka endpoints via configuration
2022-05-19 12:40:54,850 [INFO] com.netflix.discovery.shared.resolver.aws.ConfigClusterResolver [AsyncResolver-bootstrap-executor-0] Resolving eureka endpoints via configuration
2022-05-19 12:45:54,859 [INFO] com.netflix.discovery.shared.resolver.aws.ConfigClusterResolver [AsyncResolver-bootstrap-executor-0] Resolving eureka endpoints via configuration
2022-05-19 12:50:56,140 [INFO] com.netflix.discovery.shared.resolver.aws.ConfigClusterResolver [AsyncResolver-bootstrap-executor-0] Resolving eureka endpoints via configuration
